c:\users\g00370083@atu.ie\onedrive - atlantic tu\c++\digitalrain2\x64\debug\vc143.pdb
c:\users\g00370083@atu.ie\onedrive - atlantic tu\c++\digitalrain2\x64\debug\vc143.idb
c:\users\g00370083@atu.ie\onedrive - atlantic tu\c++\digitalrain2\x64\debug\rain.obj
c:\users\g00370083@atu.ie\onedrive - atlantic tu\c++\digitalrain2\x64\debug\main.obj
c:\users\g00370083@atu.ie\onedrive - atlantic tu\c++\digitalrain2\x64\debug\testrain.obj
c:\users\darra\onedrive - atlantic tu\c++\digitalrain2\x64\debug\vc143.pdb
c:\users\darra\onedrive - atlantic tu\c++\digitalrain2\x64\debug\vc143.idb
c:\users\darra\onedrive - atlantic tu\c++\digitalrain2\x64\debug\main.obj
c:\users\g00370083@atu.ie\onedrive - atlantic tu\c++\digitalrain2\x64\debug\digitalrain2.exe
c:\users\g00370083@atu.ie\onedrive - atlantic tu\c++\digitalrain2\x64\debug\digitalrain2.ilk
c:\users\g00370083@atu.ie\onedrive - atlantic tu\c++\digitalrain2\x64\debug\digitalrain2.pdb
c:\users\darra\onedrive - atlantic tu\c++\digitalrain2\x64\debug\rain.obj
c:\users\darra\onedrive - atlantic tu\c++\digitalrain2\x64\debug\testrain.obj
c:\users\darra\onedrive - atlantic tu\c++\digitalrain2\x64\debug\digitalrain2.ilk
c:\users\darra\onedrive - atlantic tu\c++\digitalrain2\x64\debug\digitalrain2.pdb
c:\users\darra\onedrive - atlantic tu\c++\digitalrain2\x64\debug\digitalrain2.tlog\cl.command.1.tlog
c:\users\darra\onedrive - atlantic tu\c++\digitalrain2\x64\debug\digitalrain2.tlog\cl.read.1.tlog
c:\users\darra\onedrive - atlantic tu\c++\digitalrain2\x64\debug\digitalrain2.tlog\cl.write.1.tlog
c:\users\darra\onedrive - atlantic tu\c++\digitalrain2\x64\debug\digitalrain2.tlog\link.command.1.tlog
c:\users\darra\onedrive - atlantic tu\c++\digitalrain2\x64\debug\digitalrain2.tlog\link.read.1.tlog
c:\users\darra\onedrive - atlantic tu\c++\digitalrain2\x64\debug\digitalrain2.tlog\link.write.1.tlog
